#
# A fatal error has been detected by the Java Runtime Environment:
#
#  EXCEPTION_ACCESS_VIOLATION (0xc0000005) at pc=0x00000000618aeb96, pid=8244, tid=0x0000000000003ba8
#
# JRE version: OpenJDK Runtime Environment (8.0_202-b03) (build 1.8.0_202-release-1483-b03)
# Java VM: OpenJDK 64-Bit Server VM (25.202-b03 mixed mode windows-amd64 compressed oops)
# Problematic frame:
# V  [jvm.dll+0x3ceb96]
#
# Failed to write core dump. Minidumps are not enabled by default on client versions of Windows
#
# If you would like to submit a bug report, please visit:
#   http://bugreport.java.com/bugreport/crash.jsp
#

---------------  T H R E A D  ---------------

Current thread (0x00000000030b7800):  GCTaskThread [stack: 0x0000000012a70000,0x0000000012b70000] [id=15272]

siginfo: ExceptionCode=0xc0000005, reading address 0xffffffffffffffff

Registers:
RAX=0x0069002f00690070, RBX=0x00000000e0f85c38, RCX=0x8000000000000007, RDX=0x8000000000000000
RSP=0x0000000012b6f250, RBP=0x0000000000000000, RSI=0x0000000016ad4480, RDI=0x00000000a01aea40
R8 =0x00000000920001ff, R9 =0x1fffffffffffffff, R10=0x00000000200003bf, R11=0x00000000e8367108
R12=0x0000000012560d6d, R13=0x0069002f00690070, R14=0x0000000000000000, R15=0x00000000030b3840
RIP=0x00000000618aeb96, EFLAGS=0x0000000000010202

Top of Stack: (sp=0x0000000012b6f250)
0x0000000012b6f250:   00000000e2f85bd0 0000000016ad4480
0x0000000012b6f260:   0000000016ad4480 00000000e90fb958
0x0000000012b6f270:   00000000e8364010 00000000618af2cb
0x0000000012b6f280:   0000000000000000 0000000000000001
0x0000000012b6f290:   0000000000000000 0000000016ad4400
0x0000000012b6f2a0:   0000000012560d6d 00000000618aeef0
0x0000000012b6f2b0:   00000000e8367144 0000000012560d81
0x0000000012b6f2c0:   0000000016ad4480 00000000a01aea40
0x0000000012b6f2d0:   00000000e8367144 00000000618afa95
0x0000000012b6f2e0:   00000000e8f09e08 0000000012560d81
0x0000000012b6f2f0:   0000000016ad4480 0000000000000004
0x0000000012b6f300:   0000000016ad4480 00007ffd3d548ba3
0x0000000012b6f310:   00000000a016e394 00000000615cf897
0x0000000012b6f320:   0000000016ad4480 00000000615cdf73
0x0000000012b6f330:   00000000a01ae829 00000000a01ae829
0x0000000012b6f340:   0000000016ad4480 0000000012560d6d 

Instructions: (pc=0x00000000618aeb96)
0x00000000618aeb76:   48 8b 52 08 48 8b cb e8 ce ca cb ff 48 63 e8 41
0x00000000618aeb86:   0f b6 c5 f6 d0 a8 01 49 8b c5 74 06 48 83 e0 fd
0x00000000618aeb96:   8b 00 48 c1 e8 03 83 e0 0f 3b 05 93 b4 3f 00 0f
0x00000000618aeba6:   83 11 01 00 00 48 8b d5 48 8b ce e8 3a fa ff ff 


Register to memory mapping:

RAX=0x0069002f00690070 is an unknown value
RBX=0x00000000e0f85c38 is an oop

[error occurred during error reporting (printing register info), id 0xc0000005]

Stack: [0x0000000012a70000,0x0000000012b70000],  sp=0x0000000012b6f250,  free space=1020k
Native frames: (J=compiled Java code, j=interpreted, Vv=VM code, C=native code)


---------------  P R O C E S S  ---------------

Java Threads: ( => current thread )
  0x000000001943b800 JavaThread "Cache worker for execution history cache (C:\Users\24748\.gradle\caches\5.4.1\executionHistory)" [_thread_blocked, id=8148, stack(0x00000000202f0000,0x00000000203f0000)]
  0x000000001943d000 JavaThread "Cache worker for cache directory md-rule (C:\Users\24748\.gradle\caches\5.4.1\md-rule)" [_thread_blocked, id=9456, stack(0x00000000201f0000,0x00000000202f0000)]
  0x000000001943a800 JavaThread "Cache worker for cache directory md-supplier (C:\Users\24748\.gradle\caches\5.4.1\md-supplier)" [_thread_blocked, id=13464, stack(0x00000000200f0000,0x00000000201f0000)]
  0x0000000019438800 JavaThread "Cache worker for file hash cache (D:\demo\Demo\.gradle\5.4.1\fileHashes)" [_thread_blocked, id=13064, stack(0x000000001e7b0000,0x000000001e8b0000)]
  0x0000000019437800 JavaThread "Cache worker for journal cache (C:\Users\24748\.gradle\caches\journal-1)" [_thread_blocked, id=14224, stack(0x000000001b440000,0x000000001b540000)]
  0x000000001943e800 JavaThread "File lock request listener" [_thread_in_native, id=7928, stack(0x000000001b340000,0x000000001b440000)]
  0x0000000019e40800 JavaThread "Cache worker for file hash cache (C:\Users\24748\.gradle\caches\5.4.1\fileHashes)" [_thread_blocked, id=13056, stack(0x000000001b040000,0x000000001b140000)]
  0x00000000199d5000 JavaThread "Thread-9" [_thread_blocked, id=4896, stack(0x000000001af40000,0x000000001b040000)]
  0x00000000199dc800 JavaThread "Stdin handler" [_thread_blocked, id=7520, stack(0x000000001ae40000,0x000000001af40000)]
  0x00000000199db800 JavaThread "Asynchronous log dispatcher for DefaultDaemonConnection: socket connection from /127.0.0.1:49531 to /127.0.0.1:49532" [_thread_blocked, id=11964, stack(0x000000001ad40000,0x000000001ae40000)]
  0x00000000199bc000 JavaThread "Daemon worker" [_thread_blocked, id=860, stack(0x000000001ac40000,0x000000001ad40000)]
  0x00000000199b9800 JavaThread "Cancel handler" [_thread_blocked, id=4272, stack(0x000000001ab40000,0x000000001ac40000)]
  0x0000000018eae000 JavaThread "Handler for socket connection from /127.0.0.1:49531 to /127.0.0.1:49532" [_thread_in_native, id=3192, stack(0x000000001a840000,0x000000001a940000)]
  0x0000000018eab800 JavaThread "Daemon" [_thread_blocked, id=2108, stack(0x000000001a740000,0x000000001a840000)]
  0x0000000018c04800 JavaThread "Daemon periodic checks" [_thread_blocked, id=14932, stack(0x000000001a640000,0x000000001a740000)]
  0x0000000018b43800 JavaThread "Incoming local TCP Connector on port 49531" [_thread_in_native, id=6200, stack(0x000000001a490000,0x000000001a590000)]
  0x0000000019985000 JavaThread "Daemon health stats" [_thread_blocked, id=9692, stack(0x000000001a190000,0x000000001a290000)]
  0x0000000017f52800 JavaThread "Service Thread" daemon [_thread_blocked, id=13360, stack(0x00000000187c0000,0x00000000188c0000)]
  0x0000000017ec9000 JavaThread "C1 CompilerThread2" daemon [_thread_blocked, id=10980, stack(0x00000000186c0000,0x00000000187c0000)]
  0x0000000016b6b800 JavaThread "C2 CompilerThread1" daemon [_thread_blocked, id=12988, stack(0x00000000185c0000,0x00000000186c0000)]
  0x0000000016b1f000 JavaThread "C2 CompilerThread0" daemon [_thread_blocked, id=14348, stack(0x00000000184c0000,0x00000000185c0000)]
  0x0000000016b1d000 JavaThread "Attach Listener" daemon [_thread_blocked, id=8820, stack(0x00000000183c0000,0x00000000184c0000)]
  0x0000000017ec8800 JavaThread "Signal Dispatcher" daemon [_thread_blocked, id=5496, stack(0x00000000182c0000,0x00000000183c0000)]
  0x000000000319b800 JavaThread "Finalizer" daemon [_thread_blocked, id=3868, stack(0x0000000017d60000,0x0000000017e60000)]
  0x0000000016af9000 JavaThread "Reference Handler" daemon [_thread_blocked, id=14524, stack(0x0000000017c60000,0x0000000017d60000)]
  0x0000000002d0e800 JavaThread "main" [_thread_blocked, id=11892, stack(0x0000000002bd0000,0x0000000002cd0000)]

Other Threads:
  0x0000000016ad7000 VMThread [stack: 0x0000000017b60000,0x0000000017c60000] [id=480]
  0x0000000017f53800 WatcherThread [stack: 0x00000000188c0000,0x00000000189c0000] [id=8588]

=>0x00000000030b7800 (exited) GCTaskThread [stack: 0x0000000012a70000,0x0000000012b70000] [id=15272]

VM state:at safepoint (normal execution)

VM Mutex/Monitor currently owned by a thread:  ([mutex/lock_event])
[0x0000000002d0d030] Threads_lock - owner thread: 0x0000000016ad7000
[0x0000000002d0d430] Heap_lock - owner thread: 0x00000000199bc000

heap address: 0x00000000a0000000, size: 1536 MB, Compressed Oops mode: 32-bit
Narrow klass base: 0x0000000000000000, Narrow klass shift: 3
Compressed class space size: 1073741824 Address: 0x0000000100000000

Heap:
 PSYoungGen      total 105984K, used 105975K [0x00000000e0000000, 0x00000000e9580000, 0x0000000100000000)
  eden space 98304K, 100% used [0x00000000e0000000,0x00000000e6000000,0x00000000e6000000)
  from space 7680K, 99% used [0x00000000e8e00000,0x00000000e957dd78,0x00000000e9580000)
  to   space 11776K, 63% used [0x00000000e7e80000,0x00000000e85dc010,0x00000000e8a00000)
 ParOldGen       total 68608K, used 11397K [0x00000000a0000000, 0x00000000a4300000, 0x00000000e0000000)
  object space 68608K, 16% used [0x00000000a0000000,0x00000000a0b21450,0x00000000a4300000)
 Metaspace       used 33993K, capacity 34926K, committed 35200K, reserved 1079296K
  class space    used 4693K, capacity 4885K, committed 4992K, reserved 1048576K

Card table byte_map: [0x0000000012560000,0x0000000012870000] byte_map_base: 0x0000000012060000

Marking Bits: (ParMarkBitMap*) 0x0000000061ca9f30
 Begin Bits: [0x0000000012e70000, 0x0000000014670000)
 End Bits:   [0x0000000014670000, 0x0000000015e70000)

Polling page: 0x0000000000bf0000

CodeCache: size=245760Kb used=10831Kb max_used=10831Kb free=234928Kb
 bounds [0x00000000031a0000, 0x0000000003c40000, 0x00000000121a0000]
 total_blobs=3450 nmethods=2757 adapters=605
 compilation: enabled

Compilation events (10 events):
Event: 5.458 Thread 0x0000000017ec9000 2762       3       com.google.common.collect.ImmutableList::asImmutableList (18 bytes)
Event: 5.458 Thread 0x0000000017ec9000 nmethod 2762 0x0000000003c30c90 code [0x0000000003c30e20, 0x0000000003c31250]
Event: 5.461 Thread 0x0000000016b6b800 nmethod 2725 0x0000000003c36ed0 code [0x0000000003c37060, 0x0000000003c376f8]
Event: 5.461 Thread 0x0000000016b6b800 2733       4       org.objectweb.asm.Frame::execute (2318 bytes)
Event: 5.466 Thread 0x0000000017ec9000 2763       3       java.util.regex.Pattern::range (279 bytes)
Event: 5.469 Thread 0x0000000017ec9000 nmethod 2763 0x0000000003c37dd0 code [0x0000000003c38280, 0x0000000003c3ab28]
Event: 5.469 Thread 0x0000000017ec9000 2764       3       java.util.regex.Pattern$Curly::study (153 bytes)
Event: 5.470 Thread 0x0000000017ec9000 nmethod 2764 0x0000000003c365d0 code [0x0000000003c36760, 0x0000000003c36d18]
Event: 5.479 Thread 0x0000000017ec9000 2765       3       com.google.common.base.Preconditions::checkState (17 bytes)
Event: 5.480 Thread 0x0000000017ec9000 nmethod 2765 0x0000000003c35f10 code [0x0000000003c360a0, 0x0000000003c36458]

GC Heap History (10 events):
Event: 2.249 GC heap after
Heap after GC invocations=3 (full 0):
 PSYoungGen      total 38400K, used 5097K [0x00000000e0000000, 0x00000000e4b00000, 0x0000000100000000)
  eden space 33280K, 0% used [0x00000000e0000000,0x00000000e0000000,0x00000000e2080000)
  from space 5120K, 99% used [0x00000000e2080000,0x00000000e257a4f8,0x00000000e2580000)
  to   space 5120K, 0% used [0x00000000e4600000,0x00000000e4600000,0x00000000e4b00000)
 ParOldGen       total 87552K, used 2162K [0x00000000a0000000, 0x00000000a5580000, 0x00000000e0000000)
  object space 87552K, 2% used [0x00000000a0000000,0x00000000a021c808,0x00000000a5580000)
 Metaspace       used 13358K, capacity 13772K, committed 14080K, reserved 1060864K
  class space    used 1837K, capacity 1970K, committed 2048K, reserved 1048576K
}
Event: 2.570 GC heap before
{Heap before GC invocations=4 (full 0):
 PSYoungGen      total 38400K, used 38377K [0x00000000e0000000, 0x00000000e4b00000, 0x0000000100000000)
  eden space 33280K, 100% used [0x00000000e0000000,0x00000000e2080000,0x00000000e2080000)
  from space 5120K, 99% used [0x00000000e2080000,0x00000000e257a4f8,0x00000000e2580000)
  to   space 5120K, 0% used [0x00000000e4600000,0x00000000e4600000,0x00000000e4b00000)
 ParOldGen       total 87552K, used 2162K [0x00000000a0000000, 0x00000000a5580000, 0x00000000e0000000)
  object space 87552K, 2% used [0x00000000a0000000,0x00000000a021c808,0x00000000a5580000)
 Metaspace       used 16196K, capacity 16636K, committed 16896K, reserved 1062912K
  class space    used 2299K, capacity 2460K, committed 2560K, reserved 1048576K
Event: 2.580 GC heap after
Heap after GC invocations=4 (full 0):
 PSYoungGen      total 71680K, used 5112K [0x00000000e0000000, 0x00000000e4b00000, 0x0000000100000000)
  eden space 66560K, 0% used [0x00000000e0000000,0x00000000e0000000,0x00000000e4100000)
  from space 5120K, 99% used [0x00000000e4600000,0x00000000e4afe050,0x00000000e4b00000)
  to   space 5120K, 0% used [0x00000000e4100000,0x00000000e4100000,0x00000000e4600000)
 ParOldGen       total 87552K, used 5548K [0x00000000a0000000, 0x00000000a5580000, 0x00000000e0000000)
  object space 87552K, 6% used [0x00000000a0000000,0x00000000a056b3b8,0x00000000a5580000)
 Metaspace       used 16196K, capacity 16636K, committed 16896K, reserved 1062912K
  class space    used 2299K, capacity 2460K, committed 2560K, reserved 1048576K
}
Event: 3.311 GC heap before
{Heap before GC invocations=5 (full 0):
 PSYoungGen      total 71680K, used 52396K [0x00000000e0000000, 0x00000000e4b00000, 0x0000000100000000)
  eden space 66560K, 71% used [0x00000000e0000000,0x00000000e2e2d0c0,0x00000000e4100000)
  from space 5120K, 99% used [0x00000000e4600000,0x00000000e4afe050,0x00000000e4b00000)
  to   space 5120K, 0% used [0x00000000e4100000,0x00000000e4100000,0x00000000e4600000)
 ParOldGen       total 87552K, used 5548K [0x00000000a0000000, 0x00000000a5580000, 0x00000000e0000000)
  object space 87552K, 6% used [0x00000000a0000000,0x00000000a056b3b8,0x00000000a5580000)
 Metaspace       used 20642K, capacity 21124K, committed 21296K, reserved 1067008K
  class space    used 2962K, capacity 3129K, committed 3200K, reserved 1048576K
Event: 3.326 GC heap after
Heap after GC invocations=5 (full 0):
 PSYoungGen      total 71680K, used 5088K [0x00000000e0000000, 0x00000000e9a00000, 0x0000000100000000)
  eden space 66560K, 0% used [0x00000000e0000000,0x00000000e0000000,0x00000000e4100000)
  from space 5120K, 99% used [0x00000000e4100000,0x00000000e45f80d8,0x00000000e4600000)
  to   space 12288K, 0% used [0x00000000e8e00000,0x00000000e8e00000,0x00000000e9a00000)
 ParOldGen       total 87552K, used 11554K [0x00000000a0000000, 0x00000000a5580000, 0x00000000e0000000)
  object space 87552K, 13% used [0x00000000a0000000,0x00000000a0b48830,0x00000000a5580000)
 Metaspace       used 20642K, capacity 21124K, committed 21296K, reserved 1067008K
  class space    used 2962K, capacity 3129K, committed 3200K, reserved 1048576K
}
Event: 3.326 GC heap before
{Heap before GC invocations=6 (full 1):
 PSYoungGen      total 71680K, used 5088K [0x00000000e0000000, 0x00000000e9a00000, 0x0000000100000000)
  eden space 66560K, 0% used [0x00000000e0000000,0x00000000e0000000,0x00000000e4100000)
  from space 5120K, 99% used [0x00000000e4100000,0x00000000e45f80d8,0x00000000e4600000)
  to   space 12288K, 0% used [0x00000000e8e00000,0x00000000e8e00000,0x00000000e9a00000)
 ParOldGen       total 87552K, used 11554K [0x00000000a0000000, 0x00000000a5580000, 0x00000000e0000000)
  object space 87552K, 13% used [0x00000000a0000000,0x00000000a0b48830,0x00000000a5580000)
 Metaspace       used 20642K, capacity 21124K, committed 21296K, reserved 1067008K
  class space    used 2962K, capacity 3129K, committed 3200K, reserved 1048576K
Event: 3.381 GC heap after
Heap after GC invocations=6 (full 1):
 PSYoungGen      total 71680K, used 0K [0x00000000e0000000, 0x00000000e9a00000, 0x0000000100000000)
  eden space 66560K, 0% used [0x00000000e0000000,0x00000000e0000000,0x00000000e4100000)
  from space 5120K, 0% used [0x00000000e4100000,0x00000000e4100000,0x00000000e4600000)
  to   space 12288K, 0% used [0x00000000e8e00000,0x00000000e8e00000,0x00000000e9a00000)
 ParOldGen       total 68608K, used 11381K [0x00000000a0000000, 0x00000000a4300000, 0x00000000e0000000)
  object space 68608K, 16% used [0x00000000a0000000,0x00000000a0b1d450,0x00000000a4300000)
 Metaspace       used 20642K, capacity 21124K, committed 21296K, reserved 1067008K
  class space    used 2962K, capacity 3129K, committed 3200K, reserved 1048576K
}
Event: 4.177 GC heap before
{Heap before GC invocations=7 (full 1):
 PSYoungGen      total 71680K, used 66560K [0x00000000e0000000, 0x00000000e9a00000, 0x0000000100000000)
  eden space 66560K, 100% used [0x00000000e0000000,0x00000000e4100000,0x00000000e4100000)
  from space 5120K, 0% used [0x00000000e4100000,0x00000000e4100000,0x00000000e4600000)
  to   space 12288K, 0% used [0x00000000e8e00000,0x00000000e8e00000,0x00000000e9a00000)
 ParOldGen       total 68608K, used 11381K [0x00000000a0000000, 0x00000000a4300000, 0x00000000e0000000)
  object space 68608K, 16% used [0x00000000a0000000,0x00000000a0b1d450,0x00000000a4300000)
 Metaspace       used 28439K, capacity 29036K, committed 29312K, reserved 1075200K
  class space    used 3916K, capacity 4099K, committed 4224K, reserved 1048576K
Event: 4.185 GC heap after
Heap after GC invocations=7 (full 1):
 PSYoungGen      total 105984K, used 7671K [0x00000000e0000000, 0x00000000e9580000, 0x0000000100000000)
  eden space 98304K, 0% used [0x00000000e0000000,0x00000000e0000000,0x00000000e6000000)
  from space 7680K, 99% used [0x00000000e8e00000,0x00000000e957dd78,0x00000000e9580000)
  to   space 11776K, 0% used [0x00000000e7e80000,0x00000000e7e80000,0x00000000e8a00000)
 ParOldGen       total 68608K, used 11389K [0x00000000a0000000, 0x00000000a4300000, 0x00000000e0000000)
  object space 68608K, 16% used [0x00000000a0000000,0x00000000a0b1f450,0x00000000a4300000)
 Metaspace       used 28439K, capacity 29036K, committed 29312K, reserved 1075200K
  class space    used 3916K, capacity 4099K, committed 4224K, reserved 1048576K
}
Event: 5.484 GC heap before
{Heap before GC invocations=8 (full 1):
 PSYoungGen      total 105984K, used 105975K [0x00000000e0000000, 0x00000000e9580000, 0x0000000100000000)
  eden space 98304K, 100% used [0x00000000e0000000,0x00000000e6000000,0x00000000e6000000)
  from space 7680K, 99% used [0x00000000e8e00000,0x00000000e957dd78,0x00000000e9580000)
  to   space 11776K, 0% used [0x00000000e7e80000,0x00000000e7e80000,0x00000000e8a00000)
 ParOldGen       total 68608K, used 11389K [0x00000000a0000000, 0x00000000a4300000, 0x00000000e0000000)
  object space 68608K, 16% used [0x00000000a0000000,0x00000000a0b1f450,0x00000000a4300000)
 Metaspace       used 33993K, capacity 34926K, committed 35200K, reserved 1079296K
  class space    used 4693K, capacity 4885K, committed 4992K, reserved 1048576K

Deoptimization events (10 events):
Event: 4.001 Thread 0x00000000199bc000 Uncommon trap: reason=unstable_if action=reinterpret pc=0x0000000003474870 method=java.util.LinkedHashMap.afterNodeInsertion(Z)V @ 1
Event: 4.904 Thread 0x00000000199bc000 Uncommon trap: reason=unstable_if action=reinterpret pc=0x00000000034292f8 method=java.util.HashMap.getNode(ILjava/lang/Object;)Ljava/util/HashMap$Node; @ 53
Event: 4.904 Thread 0x00000000199bc000 Uncommon trap: reason=unstable_if action=reinterpret pc=0x00000000036072cc method=java.util.HashMap.hash(Ljava/lang/Object;)I @ 1
Event: 5.010 Thread 0x00000000199bc000 Uncommon trap: reason=unstable_if action=reinterpret pc=0x00000000039a8f48 method=java.util.WeakHashMap.put(Ljava/lang/Object;Ljava/lang/Object;)Ljava/lang/Object; @ 72
Event: 5.033 Thread 0x00000000199bc000 Uncommon trap: reason=unstable_if action=reinterpret pc=0x00000000039d86c8 method=org.objectweb.asm.ByteVector.putShort(I)Lorg/objectweb/asm/ByteVector; @ 13
Event: 5.230 Thread 0x00000000199bc000 Uncommon trap: reason=unstable_if action=reinterpret pc=0x00000000039e56d0 method=org.gradle.internal.reflect.PropertyAccessorType.isGetGetterName(Ljava/lang/String;)Z @ 14
Event: 5.331 Thread 0x00000000199bc000 Uncommon trap: reason=unstable_if action=reinterpret pc=0x0000000003bc44b0 method=org.codehaus.groovy.runtime.metaclass.MetaMethodIndex.addMethodToList(Ljava/lang/Object;Lgroovy/lang/MetaMethod;)Ljava/lang/Object; @ 226
Event: 5.415 Thread 0x00000000199bc000 Uncommon trap: reason=unstable_if action=reinterpret pc=0x00000000033fd3a8 method=java.net.URI.match(CJJ)Z @ 45
Event: 5.415 Thread 0x00000000199bc000 Uncommon trap: reason=unstable_if action=reinterpret pc=0x0000000003304f08 method=java.net.URI.match(CJJ)Z @ 19
Event: 5.415 Thread 0x00000000199bc000 Uncommon trap: reason=unstable_if action=reinterpret pc=0x0000000003305c88 method=java.net.URI.match(CJJ)Z @ 19

Classes redefined (0 events):
No events

Internal exceptions (10 events):
Event: 5.350 Thread 0x00000000199bc000 Exception <a 'java/lang/ClassNotFoundException': org/gradle/api/internal/DefaultNamedDomainObjectCollectionBeanInfo> (0x00000000e5109330) thrown at [D:\src\AOSP-openjdk-cygwin\jdk8u\hotspot\src\share\vm\classfile\systemDictionary.cpp, line 210]
Event: 5.350 Thread 0x00000000199bc000 Exception <a 'java/lang/ClassNotFoundException': org/gradle/api/internal/DefaultDomainObjectCollectionBeanInfo> (0x00000000e5138740) thrown at [D:\src\AOSP-openjdk-cygwin\jdk8u\hotspot\src\share\vm\classfile\systemDictionary.cpp, line 210]
Event: 5.350 Thread 0x00000000199bc000 Exception <a 'java/lang/ClassNotFoundException': java/util/AbstractCollectionBeanInfo> (0x00000000e513ce98) thrown at [D:\src\AOSP-openjdk-cygwin\jdk8u\hotspot\src\share\vm\classfile\systemDictionary.cpp, line 210]
Event: 5.351 Thread 0x00000000199bc000 Exception <a 'java/lang/ClassNotFoundException': java/util/AbstractCollectionCustomizer> (0x00000000e5141600) thrown at [D:\src\AOSP-openjdk-cygwin\jdk8u\hotspot\src\share\vm\classfile\systemDictionary.cpp, line 210]
Event: 5.352 Thread 0x00000000199bc000 Exception <a 'java/lang/ClassNotFoundException': org/gradle/api/internal/DefaultDomainObjectCollectionCustomizer> (0x00000000e517bd20) thrown at [D:\src\AOSP-openjdk-cygwin\jdk8u\hotspot\src\share\vm\classfile\systemDictionary.cpp, line 210]
Event: 5.356 Thread 0x00000000199bc000 Exception <a 'java/lang/ClassNotFoundException': org/gradle/api/internal/DefaultNamedDomainObjectCollectionCustomizer> (0x00000000e51d47a0) thrown at [D:\src\AOSP-openjdk-cygwin\jdk8u\hotspot\src\share\vm\classfile\systemDictionary.cpp, line 210]
Event: 5.358 Thread 0x00000000199bc000 Exception <a 'java/lang/ClassNotFoundException': org/gradle/api/internal/DefaultNamedDomainObjectListCustomizer> (0x00000000e523d128) thrown at [D:\src\AOSP-openjdk-cygwin\jdk8u\hotspot\src\share\vm\classfile\systemDictionary.cpp, line 210]
Event: 5.360 Thread 0x00000000199bc000 Exception <a 'java/lang/ClassNotFoundException': org/gradle/api/internal/artifacts/DefaultArtifactRepositoryContainerCustomizer> (0x00000000e52a9fb0) thrown at [D:\src\AOSP-openjdk-cygwin\jdk8u\hotspot\src\share\vm\classfile\systemDictionary.cpp, line 210
Event: 5.362 Thread 0x00000000199bc000 Exception <a 'java/lang/ClassNotFoundException': org/gradle/api/internal/artifacts/dsl/DefaultRepositoryHandlerCustomizer> (0x00000000e53075f8) thrown at [D:\src\AOSP-openjdk-cygwin\jdk8u\hotspot\src\share\vm\classfile\systemDictionary.cpp, line 210]
Event: 5.363 Thread 0x00000000199bc000 Exception <a 'java/lang/ClassNotFoundException': org/gradle/api/internal/artifacts/dsl/DefaultRepositoryHandler_DecoratedCustomizer> (0x00000000e537aad8) thrown at [D:\src\AOSP-openjdk-cygwin\jdk8u\hotspot\src\share\vm\classfile\systemDictionary.cpp, line

Events (10 events):
Event: 5.475 loading class org/gradle/api/internal/artifacts/ivyservice/DefaultArtifactCacheLockingManager$CacheLockingPersistentCache done
Event: 5.476 loading class org/gradle/api/internal/artifacts/ivyservice/modulecache/PersistentModuleMetadataCache$1
Event: 5.476 loading class org/gradle/api/internal/artifacts/ivyservice/modulecache/PersistentModuleMetadataCache$1 done
Event: 5.478 loading class org/gradle/api/internal/artifacts/ivyservice/DefaultArtifactCacheLockingManager$CacheLockingPersistentCache$1
Event: 5.478 loading class org/gradle/api/internal/artifacts/ivyservice/DefaultArtifactCacheLockingManager$CacheLockingPersistentCache$1 done
Event: 5.481 Executing VM operation: ForceSafepoint
Event: 5.481 Executing VM operation: ForceSafepoint done
Event: 5.484 loading class org/gradle/internal/resource/local/DefaultLocallyAvailableResource
Event: 5.484 loading class org/gradle/internal/resource/local/DefaultLocallyAvailableResource done
Event: 5.484 Executing VM operation: ParallelGCFailedAllocation


Dynamic libraries:
0x00007ff7398c0000 - 0x00007ff7398f1000 	C:\Android\android-studio-3.0\jre\bin\java.exe
0x00007ffd3fda0000 - 0x00007ffd3ff90000 	C:\WINDOWS\SYSTEM32\ntdll.dll
0x00007ffd3e080000 - 0x00007ffd3e132000 	C:\WINDOWS\System32\KERNEL32.DLL
0x00007ffd3d510000 - 0x00007ffd3d7b3000 	C:\WINDOWS\System32\KERNELBASE.dll
0x00007ffd3e220000 - 0x00007ffd3e2c3000 	C:\WINDOWS\System32\ADVAPI32.dll
0x00007ffd3e2e0000 - 0x00007ffd3e37e000 	C:\WINDOWS\System32\msvcrt.dll
0x00007ffd3df60000 - 0x00007ffd3dff7000 	C:\WINDOWS\System32\sechost.dll
0x00007ffd3e5d0000 - 0x00007ffd3e6f0000 	C:\WINDOWS\System32\RPCRT4.dll
0x00007ffd3f920000 - 0x00007ffd3fab4000 	C:\WINDOWS\System32\USER32.dll
0x00007ffd3cd60000 - 0x00007ffd3cd81000 	C:\WINDOWS\System32\win32u.dll
0x00007ffd3de50000 - 0x00007ffd3de76000 	C:\WINDOWS\System32\GDI32.dll
0x00007ffd3dc60000 - 0x00007ffd3ddf4000 	C:\WINDOWS\System32\gdi32full.dll
0x00007ffd3d7c0000 - 0x00007ffd3d85e000 	C:\WINDOWS\System32\msvcp_win.dll
0x00007ffd3db60000 - 0x00007ffd3dc5a000 	C:\WINDOWS\System32\ucrtbase.dll
0x00007ffd3c180000 - 0x00007ffd3c405000 	C:\WINDOWS\WinSxS\amd64_microsoft.windows.common-controls_6595b64144ccf1df_6.0.18362.657_none_e6c5b579130e3898\COMCTL32.dll
0x00007ffd3f170000 - 0x00007ffd3f4a6000 	C:\WINDOWS\System32\combase.dll
0x00007ffd3d910000 - 0x00007ffd3d990000 	C:\WINDOWS\System32\bcryptPrimitives.dll
0x00007ffd3e380000 - 0x00007ffd3e3ae000 	C:\WINDOWS\System32\IMM32.DLL
0x0000000061320000 - 0x00000000613f2000 	C:\Android\android-studio-3.0\jre\jre\bin\msvcr100.dll
0x00000000614e0000 - 0x0000000061d26000 	C:\Android\android-studio-3.0\jre\jre\bin\server\jvm.dll
0x00007ffd3de80000 - 0x00007ffd3de88000 	C:\WINDOWS\System32\PSAPI.DLL
0x00007ffd39050000 - 0x00007ffd39074000 	C:\WINDOWS\SYSTEM32\WINMM.dll
0x00007ffd3af20000 - 0x00007ffd3af2a000 	C:\WINDOWS\SYSTEM32\VERSION.dll
0x00007ffd27a40000 - 0x00007ffd27a49000 	C:\WINDOWS\SYSTEM32\WSOCK32.dll
0x00007ffd3fac0000 - 0x00007ffd3fb2f000 	C:\WINDOWS\System32\WS2_32.dll
0x00007ffd39020000 - 0x00007ffd3904d000 	C:\WINDOWS\SYSTEM32\winmmbase.dll
0x00007ffd3de00000 - 0x00007ffd3de4a000 	C:\WINDOWS\System32\cfgmgr32.dll
0x00007ffd3af70000 - 0x00007ffd3af7f000 	C:\Android\android-studio-3.0\jre\jre\bin\verify.dll
0x00007ffd37dd0000 - 0x00007ffd37df9000 	C:\Android\android-studio-3.0\jre\jre\bin\java.dll
0x00007ffd3af50000 - 0x00007ffd3af66000 	C:\Android\android-studio-3.0\jre\jre\bin\zip.dll
0x00007ffd3e830000 - 0x00007ffd3ef15000 	C:\WINDOWS\System32\SHELL32.dll
0x00007ffd3fcb0000 - 0x00007ffd3fd59000 	C:\WINDOWS\System32\shcore.dll
0x00007ffd3cd90000 - 0x00007ffd3d50f000 	C:\WINDOWS\System32\windows.storage.dll
0x00007ffd3ccc0000 - 0x00007ffd3ccdf000 	C:\WINDOWS\System32\profapi.dll
0x00007ffd3cce0000 - 0x00007ffd3cd2a000 	C:\WINDOWS\System32\powrprof.dll
0x00007ffd3cc70000 - 0x00007ffd3cc80000 	C:\WINDOWS\System32\UMPDC.dll
0x00007ffd3e140000 - 0x00007ffd3e192000 	C:\WINDOWS\System32\shlwapi.dll
0x00007ffd3cc80000 - 0x00007ffd3cc91000 	C:\WINDOWS\System32\kernel.appcore.dll
0x00007ffd3db40000 - 0x00007ffd3db57000 	C:\WINDOWS\System32\cryptsp.dll
0x00007ffd37db0000 - 0x00007ffd37dca000 	C:\Android\android-studio-3.0\jre\jre\bin\net.dll
0x00007ffd3be60000 - 0x00007ffd3bec7000 	C:\WINDOWS\system32\mswsock.dll
0x00007ffd36d10000 - 0x00007ffd36d21000 	C:\Android\android-studio-3.0\jre\jre\bin\nio.dll
0x00007ffd31630000 - 0x00007ffd31656000 	C:\Users\24748\.gradle\native\29\windows-amd64\native-platform.dll
0x00007ffd36d00000 - 0x00007ffd36d0d000 	C:\Android\android-studio-3.0\jre\jre\bin\management.dll
0x00007ffd3b9d0000 - 0x00007ffd3ba03000 	C:\WINDOWS\system32\rsaenh.dll
0x00007ffd3cd30000 - 0x00007ffd3cd56000 	C:\WINDOWS\System32\bcrypt.dll
0x00007ffd3cb90000 - 0x00007ffd3cbb5000 	C:\WINDOWS\SYSTEM32\USERENV.dll
0x00007ffd3c030000 - 0x00007ffd3c03c000 	C:\WINDOWS\SYSTEM32\CRYPTBASE.dll
0x00007ffd3bb70000 - 0x00007ffd3bbaa000 	C:\WINDOWS\SYSTEM32\IPHLPAPI.DLL
0x00007ffd3e2d0000 - 0x00007ffd3e2d8000 	C:\WINDOWS\System32\NSI.dll
0x00007ffd332c0000 - 0x00007ffd332d6000 	C:\WINDOWS\SYSTEM32\dhcpcsvc6.DLL
0x00007ffd33270000 - 0x00007ffd3328c000 	C:\WINDOWS\SYSTEM32\dhcpcsvc.DLL
0x00007ffd3bbb0000 - 0x00007ffd3bc7a000 	C:\WINDOWS\SYSTEM32\DNSAPI.dll
0x00007ffd3c790000 - 0x00007ffd3c984000 	C:\WINDOWS\SYSTEM32\dbghelp.dll

VM Arguments:
jvm_args: -Xmx1536m -Dfile.encoding=GBK -Duser.country=CN -Duser.language=zh -Duser.variant 
java_command: org.gradle.launcher.daemon.bootstrap.GradleDaemon 5.4.1
java_class_path (initial): C:\Users\24748\.gradle\wrapper\dists\gradle-5.4.1-all\3221gyojl5jsh0helicew7rwx\gradle-5.4.1\lib\gradle-launcher-5.4.1.jar
Launcher Type: SUN_STANDARD

Environment Variables:
JAVA_HOME=C:\Program Files\Java\jdk1.8.0_162
CLASSPATH=.;C:\Program Files\Java\jdk1.8.0_162lib;C:\Program Files\Java\jdk1.8.0_162lib/tools.jar;
PATH=C:\ProgramData\Oracle\Java\javapath;C:\Program Files (x86)\Intel\Intel(R) Management Engine Components\iCLS\;C:\Program Files\Intel\Intel(R) Management Engine Components\iCLS\;C:\Windows\system32;C:\Windows;C:\Windows\System32\Wbem;C:\Windows\System32\WindowsPowerShell\v1.0\;C:\Program Files (x86)\NVIDIA Corporation\PhysX\Common;C:\Program Files (x86)\Intel\Intel(R) Management Engine Components\DAL;C:\Program Files\Intel\Intel(R) Management Engine Components\DAL;C:\Program Files (x86)\Intel\Intel(R) Management Engine Components\IPT;C:\Program Files\Intel\Intel(R) Management Engine Components\IPT;C:\Program Files\Java\jdk1.8.0_162\bin;C:\Program Files\Java\jre1.8.0_162\bin;C:\Android\android-sdk-windows\platform-tools;C:\WINDOWS\system32;C:\WINDOWS;C:\WINDOWS\System32\Wbem;C:\WINDOWS\System32\WindowsPowerShell\v1.0\;C:\WINDOWS\System32\OpenSSH\;C:\Program Files\Git\cmd;C:\apptools\TortoiseGit\bin;C:\apptools\SqlLite;C:\Program Files\Intel\WiFi\bin\;C:\Program Files\Common Files\Intel\WirelessCommon\;C:\Users\24748\AppData\Local\Microsoft\WindowsApps;C:\Users\24748\AppData\Local\BypassRuntm
USERNAME=24748
OS=Windows_NT
PROCESSOR_IDENTIFIER=Intel64 Family 6 Model 142 Stepping 9, GenuineIntel



---------------  S Y S T E M  ---------------

OS: Windows 10.0 , 64 bit Build 18362 (10.0.18362.329)

CPU:total 4 (initial active 4) (2 cores per cpu, 2 threads per core) family 6 model 142 stepping 9, cmov, cx8, fxsr, mmx, sse, sse2, sse3, ssse3, sse4.1, sse4.2, popcnt, avx, avx2, aes, clmul, erms, 3dnowpref, lzcnt, ht, tsc, tscinvbit, bmi1, bmi2, adx

Memory: 4k page, physical 8284632k(2370328k free), swap 15100376k(6805600k free)

vm_info: OpenJDK 64-Bit Server VM (25.202-b03) for windows-amd64 JRE (1.8.0_202-release-1483-b03), built by "builder" with MS VC++ 10.0 (VS2010)

time: Sun Feb 16 19:38:36 2020
timezone: 中国标准时间
elapsed time: 5 seconds (0d 0h 0m 5s)

